2023-12-30 19:50:19,756 INFO o.s.b.StartupInfoLogger [main] Starting KaamDekhoApplication using Java 20.0.1 with PID 2384 (C:\Users\sagar\OneDrive\Desktop\kaam-dekho\target\classes started by sagar in C:\Users\sagar\OneDrive\Desktop\kaam-dekho)
2023-12-30 19:50:19,761 INFO o.s.b.SpringApplication [main] The following 1 profile is active: "prod"
2023-12-30 19:50:21,836 INFO o.s.b.w.e.t.TomcatWebServer [main] Tomcat initialized with port 8080 (http)
2023-12-30 19:50:21,848 INFO o.a.j.l.DirectJDKLog [main] Initializing ProtocolHandler ["http-nio-8080"]
2023-12-30 19:50:21,851 INFO o.a.j.l.DirectJDKLog [main] Starting service [Tomcat]
2023-12-30 19:50:21,851 INFO o.a.j.l.DirectJDKLog [main] Starting Servlet engine: [Apache Tomcat/10.1.17]
2023-12-30 19:50:21,923 INFO o.a.j.l.DirectJDKLog [main] Initializing Spring embedded WebApplicationContext
2023-12-30 19:50:21,925 INFO o.s.b.w.s.c.ServletWebServerApplicationContext [main] Root WebApplicationContext: initialization completed in 2058 ms
2023-12-30 19:50:23,146 INFO o.s.b.a.e.w.EndpointLinksResolver [main] Exposing 1 endpoint(s) beneath base path '/actuator'
2023-12-30 19:50:23,223 INFO o.a.j.l.DirectJDKLog [main] Starting ProtocolHandler ["http-nio-8080"]
2023-12-30 19:50:23,260 INFO o.s.b.w.e.t.TomcatWebServer [main] Tomcat started on port 8080 (http) with context path ''
2023-12-30 19:50:23,279 INFO o.s.b.StartupInfoLogger [main] Started KaamDekhoApplication in 4.364 seconds (process running for 5.028)
2023-12-30 19:50:37,266 INFO o.a.j.l.DirectJDKLog [http-nio-8080-exec-1] Initializing Spring DispatcherServlet 'dispatcherServlet'
2023-12-30 19:50:37,267 INFO o.s.w.s.FrameworkServlet [http-nio-8080-exec-1] Initializing Servlet 'dispatcherServlet'
2023-12-30 19:50:37,268 INFO o.s.w.s.FrameworkServlet [http-nio-8080-exec-1] Completed initialization in 1 ms
2023-12-30 19:50:37,342 INFO c.k.c.j.JobControllerImpl [http-nio-8080-exec-1] THIS IS TEST LOG
2023-12-30 19:50:37,343 INFO c.k.c.j.JobControllerImpl [http-nio-8080-exec-1] THE FILE RECEIVED IS : mytestfile
2023-12-30 19:50:37,456 INFO c.k.c.j.JobControllerImpl [http-nio-8080-exec-2] THIS IS TEST LOG
2023-12-30 19:50:37,458 INFO c.k.c.j.JobControllerImpl [http-nio-8080-exec-2] THE FILE RECEIVED IS : mytestfile
2023-12-30 19:50:37,641 INFO c.k.c.j.JobControllerImpl [http-nio-8080-exec-3] THIS IS TEST LOG
2023-12-30 19:50:37,642 INFO c.k.c.j.JobControllerImpl [http-nio-8080-exec-3] THE FILE RECEIVED IS : mytestfile
2023-12-30 19:52:20,108 INFO o.s.b.StartupInfoLogger [main] Starting KaamDekhoApplication using Java 20.0.1 with PID 10780 (C:\Users\sagar\OneDrive\Desktop\kaam-dekho\target\classes started by sagar in C:\Users\sagar\OneDrive\Desktop\kaam-dekho)
2023-12-30 19:52:20,111 INFO o.s.b.SpringApplication [main] The following 1 profile is active: "prod"
2023-12-30 19:52:22,233 INFO o.s.b.w.e.t.TomcatWebServer [main] Tomcat initialized with port 8080 (http)
2023-12-30 19:52:22,248 INFO o.a.j.l.DirectJDKLog [main] Initializing ProtocolHandler ["http-nio-8080"]
2023-12-30 19:52:22,252 INFO o.a.j.l.DirectJDKLog [main] Starting service [Tomcat]
2023-12-30 19:52:22,252 INFO o.a.j.l.DirectJDKLog [main] Starting Servlet engine: [Apache Tomcat/10.1.17]
2023-12-30 19:52:22,338 INFO o.a.j.l.DirectJDKLog [main] Initializing Spring embedded WebApplicationContext
2023-12-30 19:52:22,340 INFO o.s.b.w.s.c.ServletWebServerApplicationContext [main] Root WebApplicationContext: initialization completed in 2122 ms
2023-12-30 19:52:23,465 INFO o.s.b.a.e.w.EndpointLinksResolver [main] Exposing 1 endpoint(s) beneath base path '/actuator'
2023-12-30 19:52:23,534 INFO o.a.j.l.DirectJDKLog [main] Starting ProtocolHandler ["http-nio-8080"]
2023-12-30 19:52:23,573 INFO o.s.b.w.e.t.TomcatWebServer [main] Tomcat started on port 8080 (http) with context path ''
2023-12-30 19:52:23,594 INFO o.s.b.StartupInfoLogger [main] Started KaamDekhoApplication in 4.331 seconds (process running for 4.972)
2023-12-30 19:52:41,251 INFO o.a.j.l.DirectJDKLog [http-nio-8080-exec-1] Initializing Spring DispatcherServlet 'dispatcherServlet'
2023-12-30 19:52:41,252 INFO o.s.w.s.FrameworkServlet [http-nio-8080-exec-1] Initializing Servlet 'dispatcherServlet'
2023-12-30 19:52:41,253 INFO o.s.w.s.FrameworkServlet [http-nio-8080-exec-1] Completed initialization in 1 ms
2023-12-30 19:52:41,320 INFO c.k.c.j.JobControllerImpl [http-nio-8080-exec-1] THIS IS TEST LOG
2023-12-30 19:52:41,320 INFO c.k.c.j.JobControllerImpl [http-nio-8080-exec-1] THE FILE RECEIVED IS : mytestfile
2023-12-30 19:52:41,471 INFO c.k.c.j.JobControllerImpl [http-nio-8080-exec-2] THIS IS TEST LOG
2023-12-30 19:52:41,471 INFO c.k.c.j.JobControllerImpl [http-nio-8080-exec-2] THE FILE RECEIVED IS : mytestfile
2023-12-30 19:52:41,552 INFO c.k.c.j.JobControllerImpl [http-nio-8080-exec-3] THIS IS TEST LOG
2023-12-30 19:52:41,553 INFO c.k.c.j.JobControllerImpl [http-nio-8080-exec-3] THE FILE RECEIVED IS : mytestfile
2023-12-30 19:52:41,761 INFO c.k.c.j.JobControllerImpl [http-nio-8080-exec-4] THIS IS TEST LOG
2023-12-30 19:52:41,762 INFO c.k.c.j.JobControllerImpl [http-nio-8080-exec-4] THE FILE RECEIVED IS : mytestfile
2023-12-30 19:52:41,951 INFO c.k.c.j.JobControllerImpl [http-nio-8080-exec-5] THIS IS TEST LOG
2023-12-30 19:52:41,952 INFO c.k.c.j.JobControllerImpl [http-nio-8080-exec-5] THE FILE RECEIVED IS : mytestfile
2023-12-30 19:53:47,700 ERROR o.s.b.SpringApplication [main] Application run failed
java.lang.IllegalStateException: java.lang.IllegalStateException: Logback configuration error detected: 
ERROR in ch.qos.logback.core.pattern.parser.Compiler@54361a9 - There is no conversion class registered for composite conversion word [faint]
ERROR in ch.qos.logback.core.pattern.parser.Compiler@54361a9 - Failed to create converter for [%faint] keyword
	at org.springframework.boot.context.logging.LoggingApplicationListener.initializeSystem(LoggingApplicationListener.java:347)
	at org.springframework.boot.context.logging.LoggingApplicationListener.initialize(LoggingApplicationListener.java:298)
	at org.springframework.boot.context.logging.LoggingApplicationListener.onApplicationEnvironmentPreparedEvent(LoggingApplicationListener.java:246)
	at org.springframework.boot.context.logging.LoggingApplicationListener.onApplicationEvent(LoggingApplicationListener.java:223)
	at org.springframework.context.event.SimpleApplicationEventMulticaster.doInvokeListener(SimpleApplicationEventMulticaster.java:178)
	at org.springframework.context.event.SimpleApplicationEventMulticaster.invokeListener(SimpleApplicationEventMulticaster.java:171)
	at org.springframework.context.event.SimpleApplicationEventMulticaster.multicastEvent(SimpleApplicationEventMulticaster.java:149)
	at org.springframework.context.event.SimpleApplicationEventMulticaster.multicastEvent(SimpleApplicationEventMulticaster.java:137)
	at org.springframework.boot.context.event.EventPublishingRunListener.multicastInitialEvent(EventPublishingRunListener.java:136)
	at org.springframework.boot.context.event.EventPublishingRunListener.environmentPrepared(EventPublishingRunListener.java:81)
	at org.springframework.boot.SpringApplicationRunListeners.lambda$environmentPrepared$2(SpringApplicationRunListeners.java:64)
	at java.base/java.lang.Iterable.forEach(Iterable.java:75)
	at org.springframework.boot.SpringApplicationRunListeners.doWithListeners(SpringApplicationRunListeners.java:118)
	at org.springframework.boot.SpringApplicationRunListeners.doWithListeners(SpringApplicationRunListeners.java:112)
	at org.springframework.boot.SpringApplicationRunListeners.environmentPrepared(SpringApplicationRunListeners.java:63)
	at org.springframework.boot.SpringApplication.prepareEnvironment(SpringApplication.java:377)
	at org.springframework.boot.SpringApplication.run(SpringApplication.java:329)
	at org.springframework.boot.SpringApplication.run(SpringApplication.java:1358)
	at org.springframework.boot.SpringApplication.run(SpringApplication.java:1347)
	at com.kaamDekho.KaamDekhoApplication.main(KaamDekhoApplication.java:10)
Caused by: java.lang.IllegalStateException: Logback configuration error detected: 
ERROR in ch.qos.logback.core.pattern.parser.Compiler@54361a9 - There is no conversion class registered for composite conversion word [faint]
ERROR in ch.qos.logback.core.pattern.parser.Compiler@54361a9 - Failed to create converter for [%faint] keyword
	at org.springframework.boot.logging.logback.LogbackLoggingSystem.reportConfigurationErrorsIfNecessary(LogbackLoggingSystem.java:277)
	at org.springframework.boot.logging.logback.LogbackLoggingSystem.loadConfiguration(LogbackLoggingSystem.java:255)
	at org.springframework.boot.logging.AbstractLoggingSystem.initializeWithConventions(AbstractLoggingSystem.java:81)
	at org.springframework.boot.logging.AbstractLoggingSystem.initialize(AbstractLoggingSystem.java:61)
	at org.springframework.boot.logging.logback.LogbackLoggingSystem.initialize(LogbackLoggingSystem.java:189)
	at org.springframework.boot.context.logging.LoggingApplicationListener.initializeSystem(LoggingApplicationListener.java:332)
	... 19 common frames omitted
2023-12-30 19:54:14,198 INFO o.s.b.StartupInfoLogger [main] Starting KaamDekhoApplication using Java 20.0.1 with PID 17668 (C:\Users\sagar\OneDrive\Desktop\kaam-dekho\target\classes started by sagar in C:\Users\sagar\OneDrive\Desktop\kaam-dekho)
2023-12-30 19:54:14,204 INFO o.s.b.SpringApplication [main] The following 1 profile is active: "prod"
2023-12-30 19:54:16,327 INFO o.s.b.w.e.t.TomcatWebServer [main] Tomcat initialized with port 8080 (http)
2023-12-30 19:54:16,343 INFO o.a.j.l.DirectJDKLog [main] Initializing ProtocolHandler ["http-nio-8080"]
2023-12-30 19:54:16,347 INFO o.a.j.l.DirectJDKLog [main] Starting service [Tomcat]
2023-12-30 19:54:16,347 INFO o.a.j.l.DirectJDKLog [main] Starting Servlet engine: [Apache Tomcat/10.1.17]
2023-12-30 19:54:16,431 INFO o.a.j.l.DirectJDKLog [main] Initializing Spring embedded WebApplicationContext
2023-12-30 19:54:16,433 INFO o.s.b.w.s.c.ServletWebServerApplicationContext [main] Root WebApplicationContext: initialization completed in 2139 ms
2023-12-30 19:54:17,636 INFO o.s.b.a.e.w.EndpointLinksResolver [main] Exposing 1 endpoint(s) beneath base path '/actuator'
2023-12-30 19:54:17,719 INFO o.a.j.l.DirectJDKLog [main] Starting ProtocolHandler ["http-nio-8080"]
2023-12-30 19:54:17,762 INFO o.s.b.w.e.t.TomcatWebServer [main] Tomcat started on port 8080 (http) with context path ''
2023-12-30 19:54:17,779 INFO o.s.b.StartupInfoLogger [main] Started KaamDekhoApplication in 4.402 seconds (process running for 4.99)
